# JRE version: OpenJDK Runtime Environment (8.0_152-b02) (build 1.8.0_152-release-1024-b02)
# Java VM: OpenJDK 64-Bit Server VM (25.152-b02 mixed mode windows-amd64 compressed oops)
Heap:
 PSYoungGen      total 493056K, used 409162K [0x00000000e0000000, 0x00000000ffc80000, 0x0000000100000000)
  eden space 466432K, 85% used [0x00000000e0000000,0x00000000f83e2260,0x00000000fc780000)
  from space 26624K, 44% used [0x00000000fe280000,0x00000000fee308e8,0x00000000ffc80000)
  to   space 27136K, 0% used [0x00000000fc780000,0x00000000fc780000,0x00000000fe200000)
 ParOldGen       total 155648K, used 44628K [0x00000000a0000000, 0x00000000a9800000, 0x00000000e0000000)
  object space 155648K, 28% used [0x00000000a0000000,0x00000000a2b95230,0x00000000a9800000)
 Metaspace       used 68877K, capacity 71845K, committed 71896K, reserved 1112064K
  class space    used 9074K, capacity 9683K, committed 9728K, reserved 1048576K
GC Heap History (10 events):
Event: 35.104 GC heap before
{Heap before GC invocations=19 (full 3):
 PSYoungGen      total 246272K, used 239998K [0x00000000e0000000, 0x00000000f5480000, 0x0000000100000000)
  eden space 220672K, 100% used [0x00000000e0000000,0x00000000ed780000,0x00000000ed780000)
  from space 25600K, 75% used [0x00000000ed780000,0x00000000eea5f840,0x00000000ef080000)
  to   space 27136K, 0% used [0x00000000f3a00000,0x00000000f3a00000,0x00000000f5480000)
 ParOldGen       total 155648K, used 34988K [0x00000000a0000000, 0x00000000a9800000, 0x00000000e0000000)
  object space 155648K, 22% used [0x00000000a0000000,0x00000000a222b108,0x00000000a9800000)
 Metaspace       used 67976K, capacity 70899K, committed 71128K, reserved 1110016K
  class space    used 9006K, capacity 9616K, committed 9728K, reserved 1048576K
Event: 35.161 GC heap after
Heap after GC invocations=19 (full 3):
 PSYoungGen      total 320000K, used 18955K [0x00000000e0000000, 0x00000000f5f00000, 0x0000000100000000)
  eden space 292864K, 0% used [0x00000000e0000000,0x00000000e0000000,0x00000000f1e00000)
  from space 27136K, 69% used [0x00000000f3a00000,0x00000000f4c82d28,0x00000000f5480000)
  to   space 28672K, 0% used [0x00000000f1e00000,0x00000000f1e00000,0x00000000f3a00000)
 ParOldGen       total 155648K, used 34996K [0x00000000a0000000, 0x00000000a9800000, 0x00000000e0000000)
  object space 155648K, 22% used [0x00000000a0000000,0x00000000a222d108,0x00000000a9800000)
 Metaspace       used 67976K, capacity 70899K, committed 71128K, reserved 1110016K
  class space    used 9006K, capacity 9616K, committed 9728K, reserved 1048576K
}
Event: 36.386 GC heap before
{Heap before GC invocations=20 (full 3):
 PSYoungGen      total 320000K, used 311819K [0x00000000e0000000, 0x00000000f5f00000, 0x0000000100000000)
  eden space 292864K, 100% used [0x00000000e0000000,0x00000000f1e00000,0x00000000f1e00000)
  from space 27136K, 69% used [0x00000000f3a00000,0x00000000f4c82d28,0x00000000f5480000)
  to   space 28672K, 0% used [0x00000000f1e00000,0x00000000f1e00000,0x00000000f3a00000)
 ParOldGen       total 155648K, used 34996K [0x00000000a0000000, 0x00000000a9800000, 0x00000000e0000000)
  object space 155648K, 22% used [0x00000000a0000000,0x00000000a222d108,0x00000000a9800000)
 Metaspace       used 68124K, capacity 70987K, committed 71128K, reserved 1110016K
  class space    used 9009K, capacity 9616K, committed 9728K, reserved 1048576K
Event: 36.410 GC heap after
Heap after GC invocations=20 (full 3):
 PSYoungGen      total 321536K, used 16912K [0x00000000e0000000, 0x00000000f9b80000, 0x0000000100000000)
  eden space 292864K, 0% used [0x00000000e0000000,0x00000000e0000000,0x00000000f1e00000)
  from space 28672K, 58% used [0x00000000f1e00000,0x00000000f2e84148,0x00000000f3a00000)
  to   space 28672K, 0% used [0x00000000f7f80000,0x00000000f7f80000,0x00000000f9b80000)
 ParOldGen       total 155648K, used 35004K [0x00000000a0000000, 0x00000000a9800000, 0x00000000e0000000)
  object space 155648K, 22% used [0x00000000a0000000,0x00000000a222f108,0x00000000a9800000)
 Metaspace       used 68124K, capacity 70987K, committed 71128K, reserved 1110016K
  class space    used 9009K, capacity 9616K, committed 9728K, reserved 1048576K
}
Event: 37.036 GC heap before
{Heap before GC invocations=21 (full 3):
 PSYoungGen      total 321536K, used 309776K [0x00000000e0000000, 0x00000000f9b80000, 0x0000000100000000)
  eden space 292864K, 100% used [0x00000000e0000000,0x00000000f1e00000,0x00000000f1e00000)
  from space 28672K, 58% used [0x00000000f1e00000,0x00000000f2e84148,0x00000000f3a00000)
  to   space 28672K, 0% used [0x00000000f7f80000,0x00000000f7f80000,0x00000000f9b80000)
 ParOldGen       total 155648K, used 35004K [0x00000000a0000000, 0x00000000a9800000, 0x00000000e0000000)
  object space 155648K, 22% used [0x00000000a0000000,0x00000000a222f108,0x00000000a9800000)
 Metaspace       used 68145K, capacity 71055K, committed 71384K, reserved 1112064K
  class space    used 9009K, capacity 9616K, committed 9728K, reserved 1048576K
Event: 37.089 GC heap after
Heap after GC invocations=21 (full 3):
 PSYoungGen      total 391680K, used 19517K [0x00000000e0000000, 0x00000000fab00000, 0x0000000100000000)
  eden space 363008K, 0% used [0x00000000e0000000,0x00000000e0000000,0x00000000f6280000)
  from space 28672K, 68% used [0x00000000f7f80000,0x00000000f928f4d8,0x00000000f9b80000)
  to   space 29696K, 0% used [0x00000000f6280000,0x00000000f6280000,0x00000000f7f80000)
 ParOldGen       total 155648K, used 35396K [0x00000000a0000000, 0x00000000a9800000, 0x00000000e0000000)
  object space 155648K, 22% used [0x00000000a0000000,0x00000000a2291128,0x00000000a9800000)
 Metaspace       used 68145K, capacity 71055K, committed 71384K, reserved 1112064K
  class space    used 9009K, capacity 9616K, committed 9728K, reserved 1048576K
}
Event: 37.746 GC heap before
{Heap before GC invocations=22 (full 3):
 PSYoungGen      total 391680K, used 382525K [0x00000000e0000000, 0x00000000fab00000, 0x0000000100000000)
  eden space 363008K, 100% used [0x00000000e0000000,0x00000000f6280000,0x00000000f6280000)
  from space 28672K, 68% used [0x00000000f7f80000,0x00000000f928f4d8,0x00000000f9b80000)
  to   space 29696K, 0% used [0x00000000f6280000,0x00000000f6280000,0x00000000f7f80000)
 ParOldGen       total 155648K, used 35396K [0x00000000a0000000, 0x00000000a9800000, 0x00000000e0000000)
  object space 155648K, 22% used [0x00000000a0000000,0x00000000a2291128,0x00000000a9800000)
 Metaspace       used 68200K, capacity 71055K, committed 71384K, reserved 1112064K
  class space    used 9011K, capacity 9616K, committed 9728K, reserved 1048576K
Event: 37.777 GC heap after
Heap after GC invocations=22 (full 3):
 PSYoungGen      total 392704K, used 13914K [0x00000000e0000000, 0x00000000ffe00000, 0x0000000100000000)
  eden space 363008K, 0% used [0x00000000e0000000,0x00000000e0000000,0x00000000f6280000)
  from space 29696K, 46% used [0x00000000f6280000,0x00000000f7016b40,0x00000000f7f80000)
  to   space 28160K, 0% used [0x00000000fe280000,0x00000000fe280000,0x00000000ffe00000)
 ParOldGen       total 155648K, used 44270K [0x00000000a0000000, 0x00000000a9800000, 0x00000000e0000000)
  object space 155648K, 28% used [0x00000000a0000000,0x00000000a2b3b838,0x00000000a9800000)
 Metaspace       used 68200K, capacity 71055K, committed 71384K, reserved 1112064K
  class space    used 9011K, capacity 9616K, committed 9728K, reserved 1048576K
}
Event: 38.397 GC heap before
{Heap before GC invocations=23 (full 3):
 PSYoungGen      total 392704K, used 376922K [0x00000000e0000000, 0x00000000ffe00000, 0x0000000100000000)
  eden space 363008K, 100% used [0x00000000e0000000,0x00000000f6280000,0x00000000f6280000)
  from space 29696K, 46% used [0x00000000f6280000,0x00000000f7016b40,0x00000000f7f80000)
  to   space 28160K, 0% used [0x00000000fe280000,0x00000000fe280000,0x00000000ffe00000)
 ParOldGen       total 155648K, used 44270K [0x00000000a0000000, 0x00000000a9800000, 0x00000000e0000000)
  object space 155648K, 28% used [0x00000000a0000000,0x00000000a2b3b838,0x00000000a9800000)
 Metaspace       used 68221K, capacity 71119K, committed 71384K, reserved 1112064K
  class space    used 9011K, capacity 9616K, committed 9728K, reserved 1048576K
Event: 38.414 GC heap after
Heap after GC invocations=23 (full 3):
 PSYoungGen      total 493056K, used 11970K [0x00000000e0000000, 0x00000000ffc80000, 0x0000000100000000)
  eden space 466432K, 0% used [0x00000000e0000000,0x00000000e0000000,0x00000000fc780000)
  from space 26624K, 44% used [0x00000000fe280000,0x00000000fee308e8,0x00000000ffc80000)
  to   space 27136K, 0% used [0x00000000fc780000,0x00000000fc780000,0x00000000fe200000)
 ParOldGen       total 155648K, used 44628K [0x00000000a0000000, 0x00000000a9800000, 0x00000000e0000000)
  object space 155648K, 28% used [0x00000000a0000000,0x00000000a2b95230,0x00000000a9800000)
 Metaspace       used 68221K, capacity 71119K, committed 71384K, reserved 1112064K
  class space    used 9011K, capacity 9616K, committed 9728K, reserved 1048576K
}

