# JRE version: OpenJDK Runtime Environment (8.0_152-b02) (build 1.8.0_152-release-1024-b02)
# Java VM: OpenJDK 64-Bit Server VM (25.152-b02 mixed mode windows-amd64 compressed oops)
Heap:
 PSYoungGen      total 240128K, used 123530K [0x00000000e0000000, 0x00000000f2d00000, 0x0000000100000000)
  eden space 188928K, 65% used [0x00000000e0000000,0x00000000e78a2a08,0x00000000eb880000)
  from space 51200K, 0% used [0x00000000eef80000,0x00000000eef80000,0x00000000f2180000)
  to   space 56320K, 0% used [0x00000000eb880000,0x00000000eb880000,0x00000000eef80000)
 ParOldGen       total 159744K, used 74796K [0x00000000a0000000, 0x00000000a9c00000, 0x00000000e0000000)
  object space 159744K, 46% used [0x00000000a0000000,0x00000000a490b088,0x00000000a9c00000)
 Metaspace       used 100866K, capacity 105170K, committed 105432K, reserved 1140736K
  class space    used 12797K, capacity 13778K, committed 13824K, reserved 1048576K
GC Heap History (10 events):
Event: 196.353 GC heap before
{Heap before GC invocations=28 (full 3):
 PSYoungGen      total 200192K, used 200166K [0x00000000e0000000, 0x00000000efe80000, 0x0000000100000000)
  eden space 168448K, 100% used [0x00000000e0000000,0x00000000ea480000,0x00000000ea480000)
  from space 31744K, 99% used [0x00000000ecd00000,0x00000000eebf9908,0x00000000eec00000)
  to   space 41472K, 0% used [0x00000000ea480000,0x00000000ea480000,0x00000000ecd00000)
 ParOldGen       total 159744K, used 59577K [0x00000000a0000000, 0x00000000a9c00000, 0x00000000e0000000)
  object space 159744K, 37% used [0x00000000a0000000,0x00000000a3a2e7e0,0x00000000a9c00000)
 Metaspace       used 85592K, capacity 89190K, committed 89432K, reserved 1126400K
  class space    used 11037K, capacity 11853K, committed 11904K, reserved 1048576K
Event: 196.374 GC heap after
Heap after GC invocations=28 (full 3):
 PSYoungGen      total 209920K, used 28896K [0x00000000e0000000, 0x00000000f0500000, 0x0000000100000000)
  eden space 168448K, 0% used [0x00000000e0000000,0x00000000e0000000,0x00000000ea480000)
  from space 41472K, 69% used [0x00000000ea480000,0x00000000ec0b83f0,0x00000000ecd00000)
  to   space 43520K, 0% used [0x00000000eda80000,0x00000000eda80000,0x00000000f0500000)
 ParOldGen       total 159744K, used 59585K [0x00000000a0000000, 0x00000000a9c00000, 0x00000000e0000000)
  object space 159744K, 37% used [0x00000000a0000000,0x00000000a3a307e0,0x00000000a9c00000)
 Metaspace       used 85592K, capacity 89190K, committed 89432K, reserved 1126400K
  class space    used 11037K, capacity 11853K, committed 11904K, reserved 1048576K
}
Event: 204.638 GC heap before
{Heap before GC invocations=29 (full 3):
 PSYoungGen      total 209920K, used 197344K [0x00000000e0000000, 0x00000000f0500000, 0x0000000100000000)
  eden space 168448K, 100% used [0x00000000e0000000,0x00000000ea480000,0x00000000ea480000)
  from space 41472K, 69% used [0x00000000ea480000,0x00000000ec0b83f0,0x00000000ecd00000)
  to   space 43520K, 0% used [0x00000000eda80000,0x00000000eda80000,0x00000000f0500000)
 ParOldGen       total 159744K, used 59585K [0x00000000a0000000, 0x00000000a9c00000, 0x00000000e0000000)
  object space 159744K, 37% used [0x00000000a0000000,0x00000000a3a307e0,0x00000000a9c00000)
 Metaspace       used 86318K, capacity 90228K, committed 90328K, reserved 1128448K
  class space    used 11116K, capacity 12004K, committed 12032K, reserved 1048576K
Event: 204.674 GC heap after
Heap after GC invocations=29 (full 3):
 PSYoungGen      total 221696K, used 29573K [0x00000000e0000000, 0x00000000f0980000, 0x0000000100000000)
  eden space 178176K, 0% used [0x00000000e0000000,0x00000000e0000000,0x00000000eae00000)
  from space 43520K, 67% used [0x00000000eda80000,0x00000000ef7614c8,0x00000000f0500000)
  to   space 45568K, 0% used [0x00000000eae00000,0x00000000eae00000,0x00000000eda80000)
 ParOldGen       total 159744K, used 59593K [0x00000000a0000000, 0x00000000a9c00000, 0x00000000e0000000)
  object space 159744K, 37% used [0x00000000a0000000,0x00000000a3a327e0,0x00000000a9c00000)
 Metaspace       used 86318K, capacity 90228K, committed 90328K, reserved 1128448K
  class space    used 11116K, capacity 12004K, committed 12032K, reserved 1048576K
}
Event: 207.925 GC heap before
{Heap before GC invocations=30 (full 3):
 PSYoungGen      total 221696K, used 207749K [0x00000000e0000000, 0x00000000f0980000, 0x0000000100000000)
  eden space 178176K, 100% used [0x00000000e0000000,0x00000000eae00000,0x00000000eae00000)
  from space 43520K, 67% used [0x00000000eda80000,0x00000000ef7614c8,0x00000000f0500000)
  to   space 45568K, 0% used [0x00000000eae00000,0x00000000eae00000,0x00000000eda80000)
 ParOldGen       total 159744K, used 59593K [0x00000000a0000000, 0x00000000a9c00000, 0x00000000e0000000)
  object space 159744K, 37% used [0x00000000a0000000,0x00000000a3a327e0,0x00000000a9c00000)
 Metaspace       used 91736K, capacity 95700K, committed 95832K, reserved 1132544K
  class space    used 11716K, capacity 12612K, committed 12672K, reserved 1048576K
Event: 207.954 GC heap after
Heap after GC invocations=30 (full 3):
 PSYoungGen      total 223744K, used 41365K [0x00000000e0000000, 0x00000000f2180000, 0x0000000100000000)
  eden space 178176K, 0% used [0x00000000e0000000,0x00000000e0000000,0x00000000eae00000)
  from space 45568K, 90% used [0x00000000eae00000,0x00000000ed6657d8,0x00000000eda80000)
  to   space 51200K, 0% used [0x00000000eef80000,0x00000000eef80000,0x00000000f2180000)
 ParOldGen       total 159744K, used 59601K [0x00000000a0000000, 0x00000000a9c00000, 0x00000000e0000000)
  object space 159744K, 37% used [0x00000000a0000000,0x00000000a3a347e0,0x00000000a9c00000)
 Metaspace       used 91736K, capacity 95700K, committed 95832K, reserved 1132544K
  class space    used 11716K, capacity 12612K, committed 12672K, reserved 1048576K
}
Event: 212.127 GC heap before
{Heap before GC invocations=31 (full 3):
 PSYoungGen      total 223744K, used 196180K [0x00000000e0000000, 0x00000000f2180000, 0x0000000100000000)
  eden space 178176K, 86% used [0x00000000e0000000,0x00000000e972fa48,0x00000000eae00000)
  from space 45568K, 90% used [0x00000000eae00000,0x00000000ed6657d8,0x00000000eda80000)
  to   space 51200K, 0% used [0x00000000eef80000,0x00000000eef80000,0x00000000f2180000)
 ParOldGen       total 159744K, used 59601K [0x00000000a0000000, 0x00000000a9c00000, 0x00000000e0000000)
  object space 159744K, 37% used [0x00000000a0000000,0x00000000a3a347e0,0x00000000a9c00000)
 Metaspace       used 94221K, capacity 98258K, committed 98380K, reserved 1134592K
  class space    used 12017K, capacity 12957K, committed 13056K, reserved 1048576K
Event: 212.165 GC heap after
Heap after GC invocations=31 (full 3):
 PSYoungGen      total 240128K, used 44083K [0x00000000e0000000, 0x00000000f2d00000, 0x0000000100000000)
  eden space 188928K, 0% used [0x00000000e0000000,0x00000000e0000000,0x00000000eb880000)
  from space 51200K, 86% used [0x00000000eef80000,0x00000000f1a8cfa8,0x00000000f2180000)
  to   space 56320K, 0% used [0x00000000eb880000,0x00000000eb880000,0x00000000eef80000)
 ParOldGen       total 159744K, used 59609K [0x00000000a0000000, 0x00000000a9c00000, 0x00000000e0000000)
  object space 159744K, 37% used [0x00000000a0000000,0x00000000a3a367e0,0x00000000a9c00000)
 Metaspace       used 94221K, capacity 98258K, committed 98380K, reserved 1134592K
  class space    used 12017K, capacity 12957K, committed 13056K, reserved 1048576K
}
Event: 212.165 GC heap before
{Heap before GC invocations=32 (full 4):
 PSYoungGen      total 240128K, used 44083K [0x00000000e0000000, 0x00000000f2d00000, 0x0000000100000000)
  eden space 188928K, 0% used [0x00000000e0000000,0x00000000e0000000,0x00000000eb880000)
  from space 51200K, 86% used [0x00000000eef80000,0x00000000f1a8cfa8,0x00000000f2180000)
  to   space 56320K, 0% used [0x00000000eb880000,0x00000000eb880000,0x00000000eef80000)
 ParOldGen       total 159744K, used 59609K [0x00000000a0000000, 0x00000000a9c00000, 0x00000000e0000000)
  object space 159744K, 37% used [0x00000000a0000000,0x00000000a3a367e0,0x00000000a9c00000)
 Metaspace       used 94221K, capacity 98258K, committed 98380K, reserved 1134592K
  class space    used 12017K, capacity 12957K, committed 13056K, reserved 1048576K
Event: 212.442 GC heap after
Heap after GC invocations=32 (full 4):
 PSYoungGen      total 240128K, used 0K [0x00000000e0000000, 0x00000000f2d00000, 0x0000000100000000)
  eden space 188928K, 0% used [0x00000000e0000000,0x00000000e0000000,0x00000000eb880000)
  from space 51200K, 0% used [0x00000000eef80000,0x00000000eef80000,0x00000000f2180000)
  to   space 56320K, 0% used [0x00000000eb880000,0x00000000eb880000,0x00000000eef80000)
 ParOldGen       total 159744K, used 74796K [0x00000000a0000000, 0x00000000a9c00000, 0x00000000e0000000)
  object space 159744K, 46% used [0x00000000a0000000,0x00000000a490b088,0x00000000a9c00000)
 Metaspace       used 94100K, capacity 97892K, committed 98380K, reserved 1134592K
  class space    used 11980K, capacity 12911K, committed 13056K, reserved 1048576K
}

