# JRE version: OpenJDK Runtime Environment (8.0_152-b02) (build 1.8.0_152-release-1024-b02)
# Java VM: OpenJDK 64-Bit Server VM (25.152-b02 mixed mode windows-amd64 compressed oops)
Heap:
 PSYoungGen      total 77824K, used 25480K [0x00000000e0000000, 0x00000000e6500000, 0x0000000100000000)
  eden space 67072K, 37% used [0x00000000e0000000,0x00000000e18e2260,0x00000000e4180000)
  from space 10752K, 0% used [0x00000000e4180000,0x00000000e4180000,0x00000000e4c00000)
  to   space 11264K, 0% used [0x00000000e5a00000,0x00000000e5a00000,0x00000000e6500000)
 ParOldGen       total 65024K, used 14284K [0x00000000a0000000, 0x00000000a3f80000, 0x00000000e0000000)
  object space 65024K, 21% used [0x00000000a0000000,0x00000000a0df3290,0x00000000a3f80000)
 Metaspace       used 37996K, capacity 38710K, committed 38872K, reserved 1083392K
  class space    used 5128K, capacity 5371K, committed 5376K, reserved 1048576K
GC Heap History (10 events):
Event: 14.669 GC heap before
{Heap before GC invocations=10 (full 1):
 PSYoungGen      total 77312K, used 74949K [0x00000000e0000000, 0x00000000e6580000, 0x0000000100000000)
  eden space 67072K, 100% used [0x00000000e0000000,0x00000000e4180000,0x00000000e4180000)
  from space 10240K, 76% used [0x00000000e4c00000,0x00000000e53b16e8,0x00000000e5600000)
  to   space 10752K, 0% used [0x00000000e4180000,0x00000000e4180000,0x00000000e4c00000)
 ParOldGen       total 65024K, used 8136K [0x00000000a0000000, 0x00000000a3f80000, 0x00000000e0000000)
  object space 65024K, 12% used [0x00000000a0000000,0x00000000a07f2258,0x00000000a3f80000)
 Metaspace       used 34191K, capacity 34884K, committed 35200K, reserved 1079296K
  class space    used 4661K, capacity 4907K, committed 4992K, reserved 1048576K
Event: 14.697 GC heap after
Heap after GC invocations=10 (full 1):
 PSYoungGen      total 77824K, used 9626K [0x00000000e0000000, 0x00000000e6500000, 0x0000000100000000)
  eden space 67072K, 0% used [0x00000000e0000000,0x00000000e0000000,0x00000000e4180000)
  from space 10752K, 89% used [0x00000000e4180000,0x00000000e4ae6a10,0x00000000e4c00000)
  to   space 11264K, 0% used [0x00000000e5a00000,0x00000000e5a00000,0x00000000e6500000)
 ParOldGen       total 65024K, used 8208K [0x00000000a0000000, 0x00000000a3f80000, 0x00000000e0000000)
  object space 65024K, 12% used [0x00000000a0000000,0x00000000a0804268,0x00000000a3f80000)
 Metaspace       used 34191K, capacity 34884K, committed 35200K, reserved 1079296K
  class space    used 4661K, capacity 4907K, committed 4992K, reserved 1048576K
}
Event: 14.776 GC heap before
{Heap before GC invocations=11 (full 1):
 PSYoungGen      total 77824K, used 10897K [0x00000000e0000000, 0x00000000e6500000, 0x0000000100000000)
  eden space 67072K, 1% used [0x00000000e0000000,0x00000000e013da50,0x00000000e4180000)
  from space 10752K, 89% used [0x00000000e4180000,0x00000000e4ae6a10,0x00000000e4c00000)
  to   space 11264K, 0% used [0x00000000e5a00000,0x00000000e5a00000,0x00000000e6500000)
 ParOldGen       total 65024K, used 8208K [0x00000000a0000000, 0x00000000a3f80000, 0x00000000e0000000)
  object space 65024K, 12% used [0x00000000a0000000,0x00000000a0804268,0x00000000a3f80000)
 Metaspace       used 34646K, capacity 35284K, committed 35416K, reserved 1079296K
  class space    used 4727K, capacity 4956K, committed 4992K, reserved 1048576K
Event: 14.785 GC heap after
Heap after GC invocations=11 (full 1):
 PSYoungGen      total 78336K, used 7760K [0x00000000e0000000, 0x00000000e6500000, 0x0000000100000000)
  eden space 67072K, 0% used [0x00000000e0000000,0x00000000e0000000,0x00000000e4180000)
  from space 11264K, 68% used [0x00000000e5a00000,0x00000000e6194010,0x00000000e6500000)
  to   space 10752K, 0% used [0x00000000e4180000,0x00000000e4180000,0x00000000e4c00000)
 ParOldGen       total 65024K, used 8216K [0x00000000a0000000, 0x00000000a3f80000, 0x00000000e0000000)
  object space 65024K, 12% used [0x00000000a0000000,0x00000000a0806268,0x00000000a3f80000)
 Metaspace       used 34646K, capacity 35284K, committed 35416K, reserved 1079296K
  class space    used 4727K, capacity 4956K, committed 4992K, reserved 1048576K
}
Event: 14.785 GC heap before
{Heap before GC invocations=12 (full 2):
 PSYoungGen      total 78336K, used 7760K [0x00000000e0000000, 0x00000000e6500000, 0x0000000100000000)
  eden space 67072K, 0% used [0x00000000e0000000,0x00000000e0000000,0x00000000e4180000)
  from space 11264K, 68% used [0x00000000e5a00000,0x00000000e6194010,0x00000000e6500000)
  to   space 10752K, 0% used [0x00000000e4180000,0x00000000e4180000,0x00000000e4c00000)
 ParOldGen       total 65024K, used 8216K [0x00000000a0000000, 0x00000000a3f80000, 0x00000000e0000000)
  object space 65024K, 12% used [0x00000000a0000000,0x00000000a0806268,0x00000000a3f80000)
 Metaspace       used 34646K, capacity 35284K, committed 35416K, reserved 1079296K
  class space    used 4727K, capacity 4956K, committed 4992K, reserved 1048576K
Event: 14.851 GC heap after
Heap after GC invocations=12 (full 2):
 PSYoungGen      total 78336K, used 0K [0x00000000e0000000, 0x00000000e6500000, 0x0000000100000000)
  eden space 67072K, 0% used [0x00000000e0000000,0x00000000e0000000,0x00000000e4180000)
  from space 11264K, 0% used [0x00000000e5a00000,0x00000000e5a00000,0x00000000e6500000)
  to   space 10752K, 0% used [0x00000000e4180000,0x00000000e4180000,0x00000000e4c00000)
 ParOldGen       total 65024K, used 14359K [0x00000000a0000000, 0x00000000a3f80000, 0x00000000e0000000)
  object space 65024K, 22% used [0x00000000a0000000,0x00000000a0e05e40,0x00000000a3f80000)
 Metaspace       used 34646K, capacity 35284K, committed 35416K, reserved 1079296K
  class space    used 4727K, capacity 4956K, committed 4992K, reserved 1048576K
}
Event: 14.851 GC heap before
{Heap before GC invocations=13 (full 2):
 PSYoungGen      total 78336K, used 1237K [0x00000000e0000000, 0x00000000e6500000, 0x0000000100000000)
  eden space 67072K, 1% used [0x00000000e0000000,0x00000000e0135658,0x00000000e4180000)
  from space 11264K, 0% used [0x00000000e5a00000,0x00000000e5a00000,0x00000000e6500000)
  to   space 10752K, 0% used [0x00000000e4180000,0x00000000e4180000,0x00000000e4c00000)
 ParOldGen       total 65024K, used 14359K [0x00000000a0000000, 0x00000000a3f80000, 0x00000000e0000000)
  object space 65024K, 22% used [0x00000000a0000000,0x00000000a0e05e40,0x00000000a3f80000)
 Metaspace       used 34646K, capacity 35284K, committed 35416K, reserved 1083392K
  class space    used 4727K, capacity 4956K, committed 4992K, reserved 1048576K
Event: 14.852 GC heap after
Heap after GC invocations=13 (full 2):
 PSYoungGen      total 77824K, used 96K [0x00000000e0000000, 0x00000000e6500000, 0x0000000100000000)
  eden space 67072K, 0% used [0x00000000e0000000,0x00000000e0000000,0x00000000e4180000)
  from space 10752K, 0% used [0x00000000e4180000,0x00000000e4198000,0x00000000e4c00000)
  to   space 11264K, 0% used [0x00000000e5a00000,0x00000000e5a00000,0x00000000e6500000)
 ParOldGen       total 65024K, used 14359K [0x00000000a0000000, 0x00000000a3f80000, 0x00000000e0000000)
  object space 65024K, 22% used [0x00000000a0000000,0x00000000a0e05e40,0x00000000a3f80000)
 Metaspace       used 34646K, capacity 35284K, committed 35416K, reserved 1083392K
  class space    used 4727K, capacity 4956K, committed 4992K, reserved 1048576K
}
Event: 14.852 GC heap before
{Heap before GC invocations=14 (full 3):
 PSYoungGen      total 77824K, used 96K [0x00000000e0000000, 0x00000000e6500000, 0x0000000100000000)
  eden space 67072K, 0% used [0x00000000e0000000,0x00000000e0000000,0x00000000e4180000)
  from space 10752K, 0% used [0x00000000e4180000,0x00000000e4198000,0x00000000e4c00000)
  to   space 11264K, 0% used [0x00000000e5a00000,0x00000000e5a00000,0x00000000e6500000)
 ParOldGen       total 65024K, used 14359K [0x00000000a0000000, 0x00000000a3f80000, 0x00000000e0000000)
  object space 65024K, 22% used [0x00000000a0000000,0x00000000a0e05e40,0x00000000a3f80000)
 Metaspace       used 34646K, capacity 35284K, committed 35416K, reserved 1083392K
  class space    used 4727K, capacity 4956K, committed 4992K, reserved 1048576K
Event: 14.926 GC heap after
Heap after GC invocations=14 (full 3):
 PSYoungGen      total 77824K, used 0K [0x00000000e0000000, 0x00000000e6500000, 0x0000000100000000)
  eden space 67072K, 0% used [0x00000000e0000000,0x00000000e0000000,0x00000000e4180000)
  from space 10752K, 0% used [0x00000000e4180000,0x00000000e4180000,0x00000000e4c00000)
  to   space 11264K, 0% used [0x00000000e5a00000,0x00000000e5a00000,0x00000000e6500000)
 ParOldGen       total 65024K, used 14284K [0x00000000a0000000, 0x00000000a3f80000, 0x00000000e0000000)
  object space 65024K, 21% used [0x00000000a0000000,0x00000000a0df3290,0x00000000a3f80000)
 Metaspace       used 34646K, capacity 35284K, committed 35416K, reserved 1081344K
  class space    used 4727K, capacity 4956K, committed 4992K, reserved 1048576K
}

